<?xml version="1.0" encoding="UTF-8"?>
<!-- Generated by org.testng.reporters.JUnitXMLReporter -->
<testsuite ignored="1" hostname="MacBook-Pro.local" failures="0" tests="9" name="Assignment suite" time="1.971" errors="0" timestamp="24 Jul. 2020 04:55:33 GMT">
  <testcase classname="producttests.AddProductTest" name="createNewProduct" time="1.294"/>
  <testcase classname="producttests.DeleteProductTest" name="deleteInvalidSpecificProduct" time="0.048"/>
  <testcase classname="producttests.DeleteProductTest" name="deleteValidSpecificProduct" time="0.044"/>
  <testcase classname="producttests.GetProductTest" name="getInvalidSpecificProduct" time="0.043"/>
  <testcase classname="producttests.GetProductTest" name="getValidSpecificProduct" time="0.028"/>
  <testcase classname="producttests.GetProductsTest" name="getAllProducts" time="0.198"/>
  <testcase classname="producttests.UpdateProductTest" name="updateInValidProduct" time="0.029"/>
  <testcase classname="producttests.UpdateProductTest" name="updateValidSpecificProduct" time="0.04"/>
  <testcase classname="producttests.UpdateProductTest" name="updateWithInValidProductBody" time="0.026"/>
  <testcase classname="producttests.ProductBaseTest" name="@BeforeSuite setUp" time="0.0">
    <ignored/>
  </testcase> <!-- @BeforeSuite setUp -->
</testsuite> <!-- Assignment suite -->
