<?xml version="1.0" encoding="UTF-8" ?>
<testsuite tests="9" failures="0" name="TestSuite" time="1.754" errors="0" skipped="0">
  <properties>
[...]
</properties>
  <testcase classname="producttests.AddProductTest" name="createNewProduct" time="1.296"/>
  <testcase classname="producttests.DeleteProductTest" name="deleteInvalidSpecificProduct" time="0.048"/>
  <testcase classname="producttests.DeleteProductTest" name="deleteValidSpecificProduct" time="0.044"/>
  <testcase classname="producttests.GetProductTest" name="getInvalidSpecificProduct" time="0.044"/>
  <testcase classname="producttests.GetProductTest" name="getValidSpecificProduct" time="0.028"/>
  <testcase classname="producttests.GetProductsTest" name="getAllProducts" time="0.197"/>
  <testcase classname="producttests.UpdateProductTest" name="updateInValidProduct" time="0.03"/>
  <testcase classname="producttests.UpdateProductTest" name="updateValidSpecificProduct" time="0.04"/>
  <testcase classname="producttests.UpdateProductTest" name="updateWithInValidProductBody" time="0.027"/>
</testsuite>